[1595213704.538][INFO]: Starting ChromeDriver 84.0.4147.89 (19abfe7bcba9318a0b2a6bc6634a67fc834aa592-refs/branch-heads/4147@{#852}) on port 22629
[1595213704.538][INFO]: Please see https://chromedriver.chromium.org/security-considerations for suggestions on keeping ChromeDriver safe.
[1595213704.695][INFO]: [c217faf0b5b6d64e24b26c5f171fb210] COMMAND InitSession {
   "capabilities": {
      "firstMatch": [ {
         "browserName": "chrome",
         "goog:chromeOptions": {
            "args": [ "--allow-insecure-localhost", "--dns-prefetch-disable", "--verbose", "--whitelisted-ips=''" ],
            "extensions": [  ]
         }
      } ]
   },
   "desiredCapabilities": {
      "browserName": "chrome",
      "goog:chromeOptions": {
         "args": [ "--allow-insecure-localhost", "--dns-prefetch-disable", "--verbose", "--whitelisted-ips=''" ],
         "extensions": [  ]
      }
   }
}
[1595213704.695][INFO]: Populating Preferences file: {
   "alternate_error_pages": {
      "enabled": false
   },
   "autofill": {
      "enabled": false
   },
   "browser": {
      "check_default_browser": false
   },
   "distribution": {
      "import_bookmarks": false,
      "import_history": false,
      "import_search_engine": false,
      "make_chrome_default_for_user": false,
      "skip_first_run_ui": true
   },
   "dns_prefetching": {
      "enabled": false
   },
   "profile": {
      "content_settings": {
         "pattern_pairs": {
            "https://*,*": {
               "media-stream": {
                  "audio": "Default",
                  "video": "Default"
               }
            }
         }
      },
      "default_content_setting_values": {
         "geolocation": 1
      },
      "default_content_settings": {
         "geolocation": 1,
         "mouselock": 1,
         "notifications": 1,
         "popups": 1,
         "ppapi-broker": 1
      },
      "password_manager_enabled": false
   },
   "safebrowsing": {
      "enabled": false
   },
   "search": {
      "suggest_enabled": false
   },
   "translate": {
      "enabled": false
   }
}
[1595213704.695][INFO]: Populating Local State file: {
   "background_mode": {
      "enabled": false
   },
   "ssl": {
      "rev_checking": {
         "enabled": false
      }
   }
}
[1595213704.695][INFO]: Launching chrome: /snap/chromium/current/command-chromium.wrapper --allow-insecure-localhost --disable-background-networking --disable-client-side-phishing-detection --disable-default-apps --disable-hang-monitor --disable-popup-blocking --disable-prompt-on-repost --disable-sync --dns-prefetch-disable --enable-automation --enable-blink-features=ShadowDOMV0 --enable-logging --load-extension=/tmp/.org.chromium.Chromium.1rd6k7/internal --log-level=0 --no-first-run --password-store=basic --remote-debugging-port=0 --test-type=webdriver --use-mock-keychain --user-data-dir=/tmp/.org.chromium.Chromium.TESL02 --verbose --whitelisted-ips='' data:,

DevTools listening on ws://127.0.0.1:46099/devtools/browser/10e344db-1fc1-416b-ba69-06d984e8912f
[89726:89726:0719/235504.883115:ERROR:sandbox_linux.cc(374)] InitializeSandbox() called with multiple threads in process gpu-process.
WARNING: Kernel has no file descriptor comparison support: Operation not permitted
[1595213704.896][DEBUG]: DevTools HTTP Request: http://localhost:46099/json/version
[1595213704.958][DEBUG]: DevTools HTTP Response: {
   "Browser": "Chrome/84.0.4147.89",
   "Protocol-Version": "1.3",
   "User-Agent": "Mozilla/5.0 (X11; Linux x86_64) AppleWebKit/537.36 (KHTML, like Gecko) Chrome/84.0.4147.89 Safari/537.36",
   "V8-Version": "8.4.371.19",
   "WebKit-Version": "537.36 (@19abfe7bcba9318a0b2a6bc6634a67fc834aa592)",
   "webSocketDebuggerUrl": "ws://localhost:46099/devtools/browser/10e344db-1fc1-416b-ba69-06d984e8912f"
}

[1595213704.958][DEBUG]: DevTools HTTP Request: http://localhost:46099/json/list
[1595213704.970][DEBUG]: DevTools HTTP Response: [ {
   "description": "",
   "devtoolsFrontendUrl": "/devtools/inspector.html?ws=localhost:46099/devtools/page/1B24559D839724DF70D6FF312CF0E8D1",
   "id": "1B24559D839724DF70D6FF312CF0E8D1",
   "title": "Chrome Automation Extension",
   "type": "background_page",
   "url": "chrome-extension://aapnijgdinlhnhlmodcfapnahmbfebeb/_generated_background_page.html",
   "webSocketDebuggerUrl": "ws://localhost:46099/devtools/page/1B24559D839724DF70D6FF312CF0E8D1"
}, {
   "description": "",
   "devtoolsFrontendUrl": "/devtools/inspector.html?ws=localhost:46099/devtools/page/70278E4E4E66D38F645B149C55939A85",
   "id": "70278E4E4E66D38F645B149C55939A85",
   "title": "",
   "type": "page",
   "url": "data:,",
   "webSocketDebuggerUrl": "ws://localhost:46099/devtools/page/70278E4E4E66D38F645B149C55939A85"
} ]

[1595213704.970][DEBUG]: DevTools HTTP Request: http://localhost:46099/json/list
[1595213704.974][DEBUG]: DevTools HTTP Response: [ {
   "description": "",
   "devtoolsFrontendUrl": "/devtools/inspector.html?ws=localhost:46099/devtools/page/1B24559D839724DF70D6FF312CF0E8D1",
   "id": "1B24559D839724DF70D6FF312CF0E8D1",
   "title": "Chrome Automation Extension",
   "type": "background_page",
   "url": "chrome-extension://aapnijgdinlhnhlmodcfapnahmbfebeb/_generated_background_page.html",
   "webSocketDebuggerUrl": "ws://localhost:46099/devtools/page/1B24559D839724DF70D6FF312CF0E8D1"
}, {
   "description": "",
   "devtoolsFrontendUrl": "/devtools/inspector.html?ws=localhost:46099/devtools/page/70278E4E4E66D38F645B149C55939A85",
   "id": "70278E4E4E66D38F645B149C55939A85",
   "title": "",
   "type": "page",
   "url": "data:,",
   "webSocketDebuggerUrl": "ws://localhost:46099/devtools/page/70278E4E4E66D38F645B149C55939A85"
} ]

[1595213704.975][INFO]: resolved localhost to ["127.0.0.1"]
[1595213704.982][DEBUG]: DevTools WebSocket Command: Page.addScriptToEvaluateOnNewDocument (id=1) 70278E4E4E66D38F645B149C55939A85 {
   "source": "(function () {window.cdc_adoQpoasnfa76pfcZLmcfl_Array = window.Array;window.cdc_adoQpoasnfa76pfcZLmcfl_Promise = window.Promise;window.cdc_adoQpoasnfa76pfcZLmcfl_Symbol = window.Symbol;}) ();"
}
[1595213704.982][DEBUG]: DevTools WebSocket Command: Runtime.evaluate (id=2) 70278E4E4E66D38F645B149C55939A85 {
   "expression": "(function () {window.cdc_adoQpoasnfa76pfcZLmcfl_Array = window.Array;window.cdc_adoQpoasnfa76pfcZLmcfl_Promise = window.Promise;window.cdc_adoQpoasnfa76pfcZLmcfl_Symbol = window.Symbol;}) ();"
}
[1595213704.982][DEBUG]: DevTools WebSocket Command: Log.enable (id=3) 70278E4E4E66D38F645B149C55939A85 {

}
[1595213704.982][DEBUG]: DevTools WebSocket Command: DOM.getDocument (id=4) 70278E4E4E66D38F645B149C55939A85 {

}
[1595213704.982][DEBUG]: DevTools WebSocket Command: Target.setAutoAttach (id=5) 70278E4E4E66D38F645B149C55939A85 {
   "autoAttach": true,
   "flatten": true,
   "waitForDebuggerOnStart": false
}
[1595213704.982][DEBUG]: DevTools WebSocket Command: Page.enable (id=6) 70278E4E4E66D38F645B149C55939A85 {

}
[1595213704.983][DEBUG]: DevTools WebSocket Command: Page.enable (id=7) 70278E4E4E66D38F645B149C55939A85 {

}
[1595213704.995][DEBUG]: DevTools WebSocket Response: Page.addScriptToEvaluateOnNewDocument (id=1) 70278E4E4E66D38F645B149C55939A85 {
   "identifier": "1"
}
[1595213704.996][DEBUG]: DevTools WebSocket Response: Runtime.evaluate (id=2) 70278E4E4E66D38F645B149C55939A85 {
   "result": {
      "type": "undefined"
   }
}
[1595213704.996][DEBUG]: DevTools WebSocket Response: Log.enable (id=3) 70278E4E4E66D38F645B149C55939A85 {

}
[1595213704.996][DEBUG]: DevTools WebSocket Response: DOM.getDocument (id=4) 70278E4E4E66D38F645B149C55939A85 {
   "root": {
      "backendNodeId": 2,
      "baseURL": "data:,",
      "childNodeCount": 0,
      "children": [  ],
      "documentURL": "data:,",
      "localName": "",
      "nodeId": 1,
      "nodeName": "#document",
      "nodeType": 9,
      "nodeValue": "",
      "xmlVersion": ""
   }
}
[1595213704.996][DEBUG]: DevTools WebSocket Response: Target.setAutoAttach (id=5) 70278E4E4E66D38F645B149C55939A85 {

}
[1595213704.996][DEBUG]: DevTools WebSocket Response: Page.enable (id=6) 70278E4E4E66D38F645B149C55939A85 {

}
[1595213704.996][DEBUG]: DevTools WebSocket Response: Page.enable (id=7) 70278E4E4E66D38F645B149C55939A85 {

}
[1595213704.996][DEBUG]: DevTools WebSocket Command: Runtime.enable (id=8) 70278E4E4E66D38F645B149C55939A85 {

}
[1595213704.998][DEBUG]: DevTools WebSocket Event: DOM.childNodeInserted 70278E4E4E66D38F645B149C55939A85 {
   "node": {
      "attributes": [  ],
      "backendNodeId": 3,
      "childNodeCount": 0,
      "frameId": "70278E4E4E66D38F645B149C55939A85",
      "localName": "html",
      "nodeId": 2,
      "nodeName": "HTML",
      "nodeType": 1,
      "nodeValue": ""
   },
   "parentNodeId": 1,
   "previousNodeId": 0
}
[1595213704.998][DEBUG]: DevTools WebSocket Event: DOM.childNodeCountUpdated 70278E4E4E66D38F645B149C55939A85 {
   "childNodeCount": 1,
   "nodeId": 2
}
[1595213704.998][DEBUG]: DevTools WebSocket Event: DOM.childNodeCountUpdated 70278E4E4E66D38F645B149C55939A85 {
   "childNodeCount": 2,
   "nodeId": 2
}
[1595213704.998][DEBUG]: DevTools WebSocket Event: Page.loadEventFired 70278E4E4E66D38F645B149C55939A85 {
   "timestamp": 134526.661551
}
[1595213704.998][DEBUG]: DevTools WebSocket Event: Page.frameStoppedLoading 70278E4E4E66D38F645B149C55939A85 {
   "frameId": "70278E4E4E66D38F645B149C55939A85"
}
[1595213704.998][DEBUG]: DevTools WebSocket Event: DOM.documentUpdated 70278E4E4E66D38F645B149C55939A85 {

}
[1595213704.998][DEBUG]: DevTools WebSocket Command: DOM.getDocument (id=9) 70278E4E4E66D38F645B149C55939A85 {

}
[1595213704.998][DEBUG]: DevTools WebSocket Event: Page.domContentEventFired 70278E4E4E66D38F645B149C55939A85 {
   "timestamp": 134526.66196
}
[1595213704.999][DEBUG]: DevTools WebSocket Event: Page.frameResized 70278E4E4E66D38F645B149C55939A85 {

}
[1595213705.001][DEBUG]: DevTools WebSocket Event: Runtime.executionContextCreated 70278E4E4E66D38F645B149C55939A85 {
   "context": {
      "auxData": {
         "frameId": "70278E4E4E66D38F645B149C55939A85",
         "isDefault": true,
         "type": "default"
      },
      "id": 1,
      "name": "",
      "origin": "://"
   }
}
[1595213705.001][DEBUG]: DevTools WebSocket Response: Runtime.enable (id=8) 70278E4E4E66D38F645B149C55939A85 {

}
[1595213705.001][DEBUG]: DevTools WebSocket Command: Page.enable (id=10) 70278E4E4E66D38F645B149C55939A85 {

}
[1595213705.001][DEBUG]: DevTools WebSocket Response: DOM.getDocument (id=9) 70278E4E4E66D38F645B149C55939A85 {
   "root": {
      "backendNodeId": 2,
      "baseURL": "data:,",
      "childNodeCount": 1,
      "children": [ {
         "attributes": [  ],
         "backendNodeId": 3,
         "childNodeCount": 2,
         "children": [ {
            "attributes": [  ],
            "backendNodeId": 5,
            "childNodeCount": 0,
            "localName": "head",
            "nodeId": 5,
            "nodeName": "HEAD",
            "nodeType": 1,
            "nodeValue": "",
            "parentId": 4
         }, {
            "attributes": [  ],
            "backendNodeId": 4,
            "childNodeCount": 0,
            "localName": "body",
            "nodeId": 6,
            "nodeName": "BODY",
            "nodeType": 1,
            "nodeValue": "",
            "parentId": 4
         } ],
         "frameId": "70278E4E4E66D38F645B149C55939A85",
         "localName": "html",
         "nodeId": 4,
         "nodeName": "HTML",
         "nodeType": 1,
         "nodeValue": "",
         "parentId": 3
      } ],
      "documentURL": "data:,",
      "localName": "",
      "nodeId": 3,
      "nodeName": "#document",
      "nodeType": 9,
      "nodeValue": "",
      "xmlVersion": ""
   }
}
[1595213705.007][DEBUG]: DevTools WebSocket Response: Page.enable (id=10) 70278E4E4E66D38F645B149C55939A85 {

}
[1595213705.007][DEBUG]: DevTools WebSocket Command: Runtime.enable (id=11) 70278E4E4E66D38F645B149C55939A85 {

}
[1595213705.008][DEBUG]: DevTools WebSocket Response: Runtime.enable (id=11) 70278E4E4E66D38F645B149C55939A85 {

}
[1595213705.008][DEBUG]: DevTools WebSocket Command: Runtime.evaluate (id=12) 70278E4E4E66D38F645B149C55939A85 {
   "awaitPromise": true,
   "expression": "(function() { // Copyright (c) 2012 The Chromium Authors. All rights reserved.\n// Use of this source code is governed by a BSD-style license that can be\n// found in the LICENSE file.\n\n/**\n * Enum f...",
   "returnByValue": true
}
[1595213705.009][DEBUG]: DevTools WebSocket Response: Runtime.evaluate (id=12) 70278E4E4E66D38F645B149C55939A85 {
   "result": {
      "type": "object",
      "value": {
         "status": 0,
         "value": 1
      }
   }
}
[1595213705.009][INFO]: [c217faf0b5b6d64e24b26c5f171fb210] RESPONSE InitSession {
   "capabilities": {
      "acceptInsecureCerts": false,
      "browserName": "chrome",
      "browserVersion": "84.0.4147.89",
      "chrome": {
         "chromedriverVersion": "84.0.4147.89 (19abfe7bcba9318a0b2a6bc6634a67fc834aa592-refs/branch-heads/4147@{#852})",
         "userDataDir": "/tmp/.org.chromium.Chromium.TESL02"
      },
      "goog:chromeOptions": {
         "debuggerAddress": "localhost:46099"
      },
      "networkConnectionEnabled": false,
      "pageLoadStrategy": "normal",
      "platformName": "linux",
      "proxy": {

      },
      "setWindowRect": true,
      "strictFileInteractability": false,
      "timeouts": {
         "implicit": 0,
         "pageLoad": 300000,
         "script": 30000
      },
      "unhandledPromptBehavior": "dismiss and notify",
      "webauthn:virtualAuthenticators": true
   },
   "sessionId": "c217faf0b5b6d64e24b26c5f171fb210"
}
[1595213705.151][INFO]: [c217faf0b5b6d64e24b26c5f171fb210] COMMAND Navigate {
   "url": "https://google.com"
}
[1595213705.151][INFO]: Waiting for pending navigations...
[1595213705.151][DEBUG]: DevTools WebSocket Command: Runtime.evaluate (id=13) 70278E4E4E66D38F645B149C55939A85 {
   "expression": "1"
}
[1595213705.152][DEBUG]: DevTools WebSocket Response: Runtime.evaluate (id=13) 70278E4E4E66D38F645B149C55939A85 {
   "result": {
      "description": "1",
      "type": "number",
      "value": 1
   }
}
[1595213705.152][INFO]: Done waiting for pending navigations. Status: ok
[1595213705.152][DEBUG]: DevTools WebSocket Command: Page.navigate (id=14) 70278E4E4E66D38F645B149C55939A85 {
   "url": "https://google.com"
}
[1595213706.853][DEBUG]: DevTools WebSocket Response: Page.navigate (id=14) 70278E4E4E66D38F645B149C55939A85 {
   "frameId": "70278E4E4E66D38F645B149C55939A85",
   "loaderId": "1F9E237848F6A3484EE086787DD16845"
}
[1595213706.853][DEBUG]: DevTools WebSocket Command: Runtime.evaluate (id=15) 70278E4E4E66D38F645B149C55939A85 {
   "expression": "document.URL"
}
[1595213706.855][DEBUG]: DevTools WebSocket Event: Runtime.executionContextsCleared 70278E4E4E66D38F645B149C55939A85 {

}
[1595213706.859][DEBUG]: DevTools WebSocket Event: Page.frameStartedLoading 70278E4E4E66D38F645B149C55939A85 {
   "frameId": "70278E4E4E66D38F645B149C55939A85"
}
[1595213706.875][DEBUG]: DevTools WebSocket Event: Runtime.executionContextsCleared 70278E4E4E66D38F645B149C55939A85 {

}
[1595213706.875][DEBUG]: DevTools WebSocket Event: Page.frameNavigated 70278E4E4E66D38F645B149C55939A85 {
   "frame": {
      "id": "70278E4E4E66D38F645B149C55939A85",
      "loaderId": "1F9E237848F6A3484EE086787DD16845",
      "mimeType": "text/html",
      "securityOrigin": "https://www.google.com",
      "url": "https://www.google.com/"
   }
}
[1595213706.875][DEBUG]: DevTools WebSocket Event: DOM.documentUpdated 70278E4E4E66D38F645B149C55939A85 {

}
[1595213706.875][DEBUG]: DevTools WebSocket Command: DOM.getDocument (id=16) 70278E4E4E66D38F645B149C55939A85 {

}
[1595213706.875][DEBUG]: DevTools WebSocket Event: Runtime.executionContextCreated 70278E4E4E66D38F645B149C55939A85 {
   "context": {
      "auxData": {
         "frameId": "70278E4E4E66D38F645B149C55939A85",
         "isDefault": true,
         "type": "default"
      },
      "id": 1,
      "name": "",
      "origin": "https://www.google.com"
   }
}
[1595213706.882][DEBUG]: DevTools WebSocket Response: Runtime.evaluate (id=15) 70278E4E4E66D38F645B149C55939A85 {
   "result": {
      "type": "string",
      "value": "https://www.google.com/"
   }
}
[1595213706.882][INFO]: Waiting for pending navigations...
[1595213706.882][DEBUG]: DevTools WebSocket Command: Runtime.evaluate (id=17) 70278E4E4E66D38F645B149C55939A85 {
   "expression": "1"
}
[1595213706.885][DEBUG]: DevTools WebSocket Response: DOM.getDocument (id=16) 70278E4E4E66D38F645B149C55939A85 {
   "root": {
      "backendNodeId": 1,
      "baseURL": "https://www.google.com/",
      "childNodeCount": 2,
      "children": [ {
         "backendNodeId": 2,
         "localName": "",
         "nodeId": 2,
         "nodeName": "html",
         "nodeType": 10,
         "nodeValue": "",
         "parentId": 1,
         "publicId": "",
         "systemId": ""
      }, {
         "attributes": [ "itemscope", "", "itemtype", "http://schema.org/WebPage", "lang", "es-419" ],
         "backendNodeId": 3,
         "childNodeCount": 1,
         "children": [ {
            "attributes": [  ],
            "backendNodeId": 4,
            "childNodeCount": 7,
            "localName": "head",
            "nodeId": 4,
            "nodeName": "HEAD",
            "nodeType": 1,
            "nodeValue": "",
            "parentId": 3
         } ],
         "frameId": "70278E4E4E66D38F645B149C55939A85",
         "localName": "html",
         "nodeId": 3,
         "nodeName": "HTML",
         "nodeType": 1,
         "nodeValue": "",
         "parentId": 1
      } ],
      "documentURL": "https://www.google.com/",
      "localName": "",
      "nodeId": 1,
      "nodeName": "#document",
      "nodeType": 9,
      "nodeValue": "",
      "xmlVersion": ""
   }
}
[1595213706.886][DEBUG]: DevTools WebSocket Event: Page.frameResized 70278E4E4E66D38F645B149C55939A85 {

}
[1595213706.897][DEBUG]: DevTools WebSocket Event: DOM.childNodeInserted 70278E4E4E66D38F645B149C55939A85 {
   "node": {
      "attributes": [ "jsmodel", " TvHxbe", "class", "hp vasq", "id", "gsr" ],
      "backendNodeId": 5,
      "childNodeCount": 0,
      "localName": "body",
      "nodeId": 5,
      "nodeName": "BODY",
      "nodeType": 1,
      "nodeValue": ""
   },
   "parentNodeId": 3,
   "previousNodeId": 4
}
[1595213706.897][DEBUG]: DevTools WebSocket Event: DOM.childNodeCountUpdated 70278E4E4E66D38F645B149C55939A85 {
   "childNodeCount": 1,
   "nodeId": 5
}
[1595213706.897][DEBUG]: DevTools WebSocket Event: DOM.childNodeCountUpdated 70278E4E4E66D38F645B149C55939A85 {
   "childNodeCount": 2,
   "nodeId": 5
}
[1595213706.897][DEBUG]: DevTools WebSocket Event: DOM.childNodeCountUpdated 70278E4E4E66D38F645B149C55939A85 {
   "childNodeCount": 3,
   "nodeId": 5
}
[1595213706.897][DEBUG]: DevTools WebSocket Event: DOM.childNodeCountUpdated 70278E4E4E66D38F645B149C55939A85 {
   "childNodeCount": 4,
   "nodeId": 5
}
[1595213706.897][DEBUG]: DevTools WebSocket Response: Runtime.evaluate (id=17) 70278E4E4E66D38F645B149C55939A85 {
   "result": {
      "description": "1",
      "type": "number",
      "value": 1
   }
}
[1595213706.897][DEBUG]: DevTools WebSocket Command: DOM.getDocument (id=18) 70278E4E4E66D38F645B149C55939A85 {

}
[1595213706.906][DEBUG]: DevTools WebSocket Response: DOM.getDocument (id=18) 70278E4E4E66D38F645B149C55939A85 {
   "root": {
      "backendNodeId": 1,
      "baseURL": "https://www.google.com/",
      "childNodeCount": 2,
      "children": [ {
         "backendNodeId": 2,
         "localName": "",
         "nodeId": 7,
         "nodeName": "html",
         "nodeType": 10,
         "nodeValue": "",
         "parentId": 6,
         "publicId": "",
         "systemId": ""
      }, {
         "attributes": [ "itemscope", "", "itemtype", "http://schema.org/WebPage", "lang", "es-419" ],
         "backendNodeId": 3,
         "childNodeCount": 2,
         "children": [ {
            "attributes": [  ],
            "backendNodeId": 4,
            "childNodeCount": 7,
            "localName": "head",
            "nodeId": 9,
            "nodeName": "HEAD",
            "nodeType": 1,
            "nodeValue": "",
            "parentId": 8
         }, {
            "attributes": [ "jsmodel", " TvHxbe", "class", "hp vasq", "id", "gsr" ],
            "backendNodeId": 5,
            "childNodeCount": 4,
            "localName": "body",
            "nodeId": 10,
            "nodeName": "BODY",
            "nodeType": 1,
            "nodeValue": "",
            "parentId": 8
         } ],
         "frameId": "70278E4E4E66D38F645B149C55939A85",
         "localName": "html",
         "nodeId": 8,
         "nodeName": "HTML",
         "nodeType": 1,
         "nodeValue": "",
         "parentId": 6
      } ],
      "documentURL": "https://www.google.com/",
      "localName": "",
      "nodeId": 6,
      "nodeName": "#document",
      "nodeType": 9,
      "nodeValue": "",
      "xmlVersion": ""
   }
}
[1595213706.906][DEBUG]: DevTools WebSocket Command: Runtime.evaluate (id=19) 70278E4E4E66D38F645B149C55939A85 {
   "awaitPromise": false,
   "expression": "document.readyState",
   "returnByValue": true
}
[1595213706.925][DEBUG]: DevTools WebSocket Event: DOM.childNodeCountUpdated 70278E4E4E66D38F645B149C55939A85 {
   "childNodeCount": 5,
   "nodeId": 10
}
[1595213706.925][DEBUG]: DevTools WebSocket Event: DOM.childNodeCountUpdated 70278E4E4E66D38F645B149C55939A85 {
   "childNodeCount": 6,
   "nodeId": 10
}
[1595213706.925][DEBUG]: DevTools WebSocket Event: DOM.documentUpdated 70278E4E4E66D38F645B149C55939A85 {

}
[1595213706.925][DEBUG]: DevTools WebSocket Command: DOM.getDocument (id=20) 70278E4E4E66D38F645B149C55939A85 {

}
[1595213706.925][DEBUG]: DevTools WebSocket Event: Page.domContentEventFired 70278E4E4E66D38F645B149C55939A85 {
   "timestamp": 134528.592437
}
[1595213706.925][DEBUG]: DevTools WebSocket Response: Runtime.evaluate (id=19) 70278E4E4E66D38F645B149C55939A85 {
   "result": {
      "type": "string",
      "value": "interactive"
   }
}
[1595213706.928][DEBUG]: DevTools WebSocket Event: Page.frameResized 70278E4E4E66D38F645B149C55939A85 {

}
[1595213706.928][DEBUG]: DevTools WebSocket Command: Runtime.evaluate (id=21) 70278E4E4E66D38F645B149C55939A85 {
   "expression": "1"
}
[1595213706.930][DEBUG]: DevTools WebSocket Response: DOM.getDocument (id=20) 70278E4E4E66D38F645B149C55939A85 {
   "root": {
      "backendNodeId": 1,
      "baseURL": "https://www.google.com/",
      "childNodeCount": 2,
      "children": [ {
         "backendNodeId": 2,
         "localName": "",
         "nodeId": 12,
         "nodeName": "html",
         "nodeType": 10,
         "nodeValue": "",
         "parentId": 11,
         "publicId": "",
         "systemId": ""
      }, {
         "attributes": [ "itemscope", "", "itemtype", "http://schema.org/WebPage", "lang", "es-419" ],
         "backendNodeId": 3,
         "childNodeCount": 2,
         "children": [ {
            "attributes": [  ],
            "backendNodeId": 4,
            "childNodeCount": 7,
            "localName": "head",
            "nodeId": 14,
            "nodeName": "HEAD",
            "nodeType": 1,
            "nodeValue": "",
            "parentId": 13
         }, {
            "attributes": [ "jsmodel", " TvHxbe", "class", "hp vasq", "id", "gsr" ],
            "backendNodeId": 5,
            "childNodeCount": 7,
            "localName": "body",
            "nodeId": 15,
            "nodeName": "BODY",
            "nodeType": 1,
            "nodeValue": "",
            "parentId": 13
         } ],
         "frameId": "70278E4E4E66D38F645B149C55939A85",
         "localName": "html",
         "nodeId": 13,
         "nodeName": "HTML",
         "nodeType": 1,
         "nodeValue": "",
         "parentId": 11
      } ],
      "documentURL": "https://www.google.com/",
      "localName": "",
      "nodeId": 11,
      "nodeName": "#document",
      "nodeType": 9,
      "nodeValue": "",
      "xmlVersion": ""
   }
}
[1595213706.930][DEBUG]: DevTools WebSocket Response: Runtime.evaluate (id=21) 70278E4E4E66D38F645B149C55939A85 {
   "result": {
      "description": "1",
      "type": "number",
      "value": 1
   }
}
[1595213707.048][DEBUG]: DevTools WebSocket Event: Page.navigatedWithinDocument 70278E4E4E66D38F645B149C55939A85 {
   "frameId": "70278E4E4E66D38F645B149C55939A85",
   "url": "https://www.google.com/"
}
[1595213707.048][DEBUG]: DevTools WebSocket Command: Runtime.evaluate (id=22) 70278E4E4E66D38F645B149C55939A85 {
   "expression": "1"
}
[1595213707.063][DEBUG]: DevTools WebSocket Event: DOM.childNodeCountUpdated 70278E4E4E66D38F645B149C55939A85 {
   "childNodeCount": 8,
   "nodeId": 15
}
[1595213707.063][DEBUG]: DevTools WebSocket Response: Runtime.evaluate (id=22) 70278E4E4E66D38F645B149C55939A85 {
   "result": {
      "description": "1",
      "type": "number",
      "value": 1
   }
}
[1595213707.113][DEBUG]: DevTools WebSocket Event: DOM.childNodeCountUpdated 70278E4E4E66D38F645B149C55939A85 {
   "childNodeCount": 9,
   "nodeId": 15
}
[1595213707.113][DEBUG]: DevTools WebSocket Event: DOM.attributeModified 70278E4E4E66D38F645B149C55939A85 {
   "name": "jsaction",
   "nodeId": 15,
   "value": "tbSCpf:.CLIENT"
}
[1595213707.113][DEBUG]: DevTools WebSocket Command: Runtime.evaluate (id=23) 70278E4E4E66D38F645B149C55939A85 {
   "expression": "1"
}
[1595213707.114][DEBUG]: DevTools WebSocket Response: Runtime.evaluate (id=23) 70278E4E4E66D38F645B149C55939A85 {
   "result": {
      "description": "1",
      "type": "number",
      "value": 1
   }
}
[89638:89822:0719/235507.115059:ERROR:object_proxy.cc(622)] Failed to call method: org.freedesktop.NetworkManager.GetDevices: object_path= /org/freedesktop/NetworkManager: org.freedesktop.DBus.Error.AccessDenied: An AppArmor policy prevents this sender from sending this message to this recipient; type="method_call", sender=":1.319" (uid=1000 pid=89638 comm="/snap/chromium/1229/usr/lib/chromium-browser/chrom" label="snap.chromium.chromedriver (enforce)") interface="org.freedesktop.NetworkManager" member="GetDevices" error name="(unset)" requested_reply="0" destination="org.freedesktop.NetworkManager" (uid=0 pid=923 comm="/usr/sbin/NetworkManager --no-daemon " label="unconfined")
[1595213707.125][DEBUG]: DevTools WebSocket Event: DOM.childNodeCountUpdated 70278E4E4E66D38F645B149C55939A85 {
   "childNodeCount": 8,
   "nodeId": 14
}
[1595213707.125][DEBUG]: DevTools WebSocket Command: Runtime.evaluate (id=24) 70278E4E4E66D38F645B149C55939A85 {
   "expression": "1"
}
[1595213707.128][DEBUG]: DevTools WebSocket Event: DOM.childNodeCountUpdated 70278E4E4E66D38F645B149C55939A85 {
   "childNodeCount": 10,
   "nodeId": 15
}
[1595213707.128][DEBUG]: DevTools WebSocket Response: Runtime.evaluate (id=24) 70278E4E4E66D38F645B149C55939A85 {
   "result": {
      "description": "1",
      "type": "number",
      "value": 1
   }
}
[1595213707.253][DEBUG]: DevTools WebSocket Event: DOM.childNodeCountUpdated 70278E4E4E66D38F645B149C55939A85 {
   "childNodeCount": 9,
   "nodeId": 14
}
[1595213707.253][DEBUG]: DevTools WebSocket Event: DOM.childNodeCountUpdated 70278E4E4E66D38F645B149C55939A85 {
   "childNodeCount": 11,
   "nodeId": 15
}
[1595213707.253][DEBUG]: DevTools WebSocket Event: DOM.childNodeCountUpdated 70278E4E4E66D38F645B149C55939A85 {
   "childNodeCount": 10,
   "nodeId": 15
}
[1595213707.253][DEBUG]: DevTools WebSocket Event: DOM.childNodeCountUpdated 70278E4E4E66D38F645B149C55939A85 {
   "childNodeCount": 10,
   "nodeId": 14
}
[1595213707.253][DEBUG]: DevTools WebSocket Command: Runtime.evaluate (id=25) 70278E4E4E66D38F645B149C55939A85 {
   "expression": "1"
}
[1595213707.254][DEBUG]: DevTools WebSocket Response: Runtime.evaluate (id=25) 70278E4E4E66D38F645B149C55939A85 {
   "result": {
      "description": "1",
      "type": "number",
      "value": 1
   }
}
[1595213707.379][DEBUG]: DevTools WebSocket Event: Page.loadEventFired 70278E4E4E66D38F645B149C55939A85 {
   "timestamp": 134529.046052
}
[1595213707.379][DEBUG]: DevTools WebSocket Event: Page.frameStoppedLoading 70278E4E4E66D38F645B149C55939A85 {
   "frameId": "70278E4E4E66D38F645B149C55939A85"
}
[1595213707.379][DEBUG]: DevTools WebSocket Command: Runtime.evaluate (id=26) 70278E4E4E66D38F645B149C55939A85 {
   "expression": "1"
}
[1595213707.380][DEBUG]: DevTools WebSocket Response: Runtime.evaluate (id=26) 70278E4E4E66D38F645B149C55939A85 {
   "result": {
      "description": "1",
      "type": "number",
      "value": 1
   }
}
[1595213707.380][INFO]: Done waiting for pending navigations. Status: ok
[1595213707.380][INFO]: [c217faf0b5b6d64e24b26c5f171fb210] RESPONSE Navigate
[1595213707.388][INFO]: [c217faf0b5b6d64e24b26c5f171fb210] COMMAND FindElement {
   "using": "css selector",
   "value": "*[name='q']"
}
[1595213707.388][INFO]: Waiting for pending navigations...
[1595213707.388][DEBUG]: DevTools WebSocket Command: Runtime.evaluate (id=27) 70278E4E4E66D38F645B149C55939A85 {
   "expression": "1"
}
[1595213707.388][DEBUG]: DevTools WebSocket Response: Runtime.evaluate (id=27) 70278E4E4E66D38F645B149C55939A85 {
   "result": {
      "description": "1",
      "type": "number",
      "value": 1
   }
}
[1595213707.388][INFO]: Done waiting for pending navigations. Status: ok
[1595213707.390][DEBUG]: DevTools WebSocket Command: Runtime.evaluate (id=28) 70278E4E4E66D38F645B149C55939A85 {
   "awaitPromise": true,
   "expression": "(function() { // Copyright (c) 2012 The Chromium Authors. All rights reserved.\n// Use of this source code is governed by a BSD-style license that can be\n// found in the LICENSE file.\n\n/**\n * Enum f...",
   "returnByValue": true
}
[1595213707.397][DEBUG]: DevTools WebSocket Response: Runtime.evaluate (id=28) 70278E4E4E66D38F645B149C55939A85 {
   "result": {
      "type": "object",
      "value": {
         "status": 0,
         "value": {
            "element-6066-11e4-a52e-4f735466cecf": "3a10be2c-8187-48c7-8a80-a04f0259dfcc"
         }
      }
   }
}
[1595213707.397][INFO]: Waiting for pending navigations...
[1595213707.397][DEBUG]: DevTools WebSocket Command: Runtime.evaluate (id=29) 70278E4E4E66D38F645B149C55939A85 {
   "expression": "1"
}
[1595213707.397][DEBUG]: DevTools WebSocket Response: Runtime.evaluate (id=29) 70278E4E4E66D38F645B149C55939A85 {
   "result": {
      "description": "1",
      "type": "number",
      "value": 1
   }
}
[1595213707.397][INFO]: Done waiting for pending navigations. Status: ok
[1595213707.397][INFO]: [c217faf0b5b6d64e24b26c5f171fb210] RESPONSE FindElement {
   "element-6066-11e4-a52e-4f735466cecf": "3a10be2c-8187-48c7-8a80-a04f0259dfcc"
}
[1595213707.403][INFO]: [c217faf0b5b6d64e24b26c5f171fb210] COMMAND TypeElement {
   "id": "3a10be2c-8187-48c7-8a80-a04f0259dfcc",
   "text": "Cuba!\n",
   "value": [ "C", "u", "b", "a", "!", "\n" ]
}
[1595213707.403][INFO]: Waiting for pending navigations...
[1595213707.403][DEBUG]: DevTools WebSocket Command: Runtime.evaluate (id=30) 70278E4E4E66D38F645B149C55939A85 {
   "expression": "1"
}
[1595213707.403][DEBUG]: DevTools WebSocket Response: Runtime.evaluate (id=30) 70278E4E4E66D38F645B149C55939A85 {
   "result": {
      "description": "1",
      "type": "number",
      "value": 1
   }
}
[1595213707.403][INFO]: Done waiting for pending navigations. Status: ok
[1595213707.404][DEBUG]: DevTools WebSocket Command: Runtime.evaluate (id=31) 70278E4E4E66D38F645B149C55939A85 {
   "awaitPromise": true,
   "expression": "(function() { // Copyright (c) 2012 The Chromium Authors. All rights reserved.\n// Use of this source code is governed by a BSD-style license that can be\n// found in the LICENSE file.\n\n/**\n * Enum f...",
   "returnByValue": true
}
[1595213707.409][DEBUG]: DevTools WebSocket Response: Runtime.evaluate (id=31) 70278E4E4E66D38F645B149C55939A85 {
   "result": {
      "type": "object",
      "value": {
         "status": 0,
         "value": "INPUT"
      }
   }
}
[1595213707.410][DEBUG]: DevTools WebSocket Command: Runtime.evaluate (id=32) 70278E4E4E66D38F645B149C55939A85 {
   "awaitPromise": true,
   "expression": "(function() { // Copyright (c) 2012 The Chromium Authors. All rights reserved.\n// Use of this source code is governed by a BSD-style license that can be\n// found in the LICENSE file.\n\n/**\n * Enum f...",
   "returnByValue": true
}
[1595213707.414][DEBUG]: DevTools WebSocket Response: Runtime.evaluate (id=32) 70278E4E4E66D38F645B149C55939A85 {
   "result": {
      "type": "object",
      "value": {
         "status": 0,
         "value": "text"
      }
   }
}
[1595213707.415][DEBUG]: DevTools WebSocket Command: Runtime.evaluate (id=33) 70278E4E4E66D38F645B149C55939A85 {
   "awaitPromise": true,
   "expression": "(function() { // Copyright (c) 2012 The Chromium Authors. All rights reserved.\n// Use of this source code is governed by a BSD-style license that can be\n// found in the LICENSE file.\n\n/**\n * Enum f...",
   "returnByValue": true
}
[1595213707.416][DEBUG]: DevTools WebSocket Response: Runtime.evaluate (id=33) 70278E4E4E66D38F645B149C55939A85 {
   "result": {
      "type": "object",
      "value": {
         "status": 0,
         "value": false
      }
   }
}
[1595213707.417][DEBUG]: DevTools WebSocket Command: Runtime.evaluate (id=34) 70278E4E4E66D38F645B149C55939A85 {
   "awaitPromise": true,
   "expression": "(function() { // Copyright (c) 2012 The Chromium Authors. All rights reserved.\n// Use of this source code is governed by a BSD-style license that can be\n// found in the LICENSE file.\n\n/**\n * Enum f...",
   "returnByValue": true
}
[1595213707.418][DEBUG]: DevTools WebSocket Response: Runtime.evaluate (id=34) 70278E4E4E66D38F645B149C55939A85 {
   "result": {
      "type": "object",
      "value": {
         "status": 0,
         "value": "INPUT"
      }
   }
}
[1595213707.418][DEBUG]: DevTools WebSocket Command: Runtime.evaluate (id=35) 70278E4E4E66D38F645B149C55939A85 {
   "awaitPromise": true,
   "expression": "(function() { // Copyright (c) 2012 The Chromium Authors. All rights reserved.\n// Use of this source code is governed by a BSD-style license that can be\n// found in the LICENSE file.\n\n/**\n * Enum f...",
   "returnByValue": true
}
[1595213707.420][DEBUG]: DevTools WebSocket Response: Runtime.evaluate (id=35) 70278E4E4E66D38F645B149C55939A85 {
   "result": {
      "type": "object",
      "value": {
         "status": 0,
         "value": {
            "element-6066-11e4-a52e-4f735466cecf": "3a10be2c-8187-48c7-8a80-a04f0259dfcc"
         }
      }
   }
}
[1595213707.420][DEBUG]: DevTools WebSocket Command: Input.dispatchKeyEvent (id=36) 70278E4E4E66D38F645B149C55939A85 {
   "code": "ShiftLeft",
   "key": "Shift",
   "modifiers": 0,
   "text": "",
   "type": "rawKeyDown",
   "unmodifiedText": "",
   "windowsVirtualKeyCode": 16
}
[1595213707.420][DEBUG]: DevTools WebSocket Command: Input.dispatchKeyEvent (id=37) 70278E4E4E66D38F645B149C55939A85 {
   "code": "KeyC",
   "key": "C",
   "modifiers": 8,
   "text": "C",
   "type": "rawKeyDown",
   "unmodifiedText": "c",
   "windowsVirtualKeyCode": 67
}
[1595213707.420][DEBUG]: DevTools WebSocket Command: Input.dispatchKeyEvent (id=38) 70278E4E4E66D38F645B149C55939A85 {
   "code": "KeyC",
   "key": "C",
   "modifiers": 8,
   "text": "C",
   "type": "char",
   "unmodifiedText": "c",
   "windowsVirtualKeyCode": 67
}
[1595213707.420][DEBUG]: DevTools WebSocket Command: Input.dispatchKeyEvent (id=39) 70278E4E4E66D38F645B149C55939A85 {
   "code": "KeyC",
   "key": "C",
   "modifiers": 8,
   "text": "C",
   "type": "keyUp",
   "unmodifiedText": "c",
   "windowsVirtualKeyCode": 67
}
[1595213707.420][DEBUG]: DevTools WebSocket Command: Input.dispatchKeyEvent (id=40) 70278E4E4E66D38F645B149C55939A85 {
   "code": "ShiftLeft",
   "key": "Shift",
   "modifiers": 0,
   "text": "",
   "type": "keyUp",
   "unmodifiedText": "",
   "windowsVirtualKeyCode": 16
}
[1595213707.421][DEBUG]: DevTools WebSocket Command: Input.dispatchKeyEvent (id=41) 70278E4E4E66D38F645B149C55939A85 {
   "code": "KeyU",
   "key": "u",
   "modifiers": 0,
   "text": "u",
   "type": "rawKeyDown",
   "unmodifiedText": "u",
   "windowsVirtualKeyCode": 85
}
[1595213707.421][DEBUG]: DevTools WebSocket Command: Input.dispatchKeyEvent (id=42) 70278E4E4E66D38F645B149C55939A85 {
   "code": "KeyU",
   "key": "u",
   "modifiers": 0,
   "text": "u",
   "type": "char",
   "unmodifiedText": "u",
   "windowsVirtualKeyCode": 85
}
[1595213707.421][DEBUG]: DevTools WebSocket Command: Input.dispatchKeyEvent (id=43) 70278E4E4E66D38F645B149C55939A85 {
   "code": "KeyU",
   "key": "u",
   "modifiers": 0,
   "text": "u",
   "type": "keyUp",
   "unmodifiedText": "u",
   "windowsVirtualKeyCode": 85
}
[1595213707.421][DEBUG]: DevTools WebSocket Command: Input.dispatchKeyEvent (id=44) 70278E4E4E66D38F645B149C55939A85 {
   "code": "KeyB",
   "key": "b",
   "modifiers": 0,
   "text": "b",
   "type": "rawKeyDown",
   "unmodifiedText": "b",
   "windowsVirtualKeyCode": 66
}
[1595213707.421][DEBUG]: DevTools WebSocket Command: Input.dispatchKeyEvent (id=45) 70278E4E4E66D38F645B149C55939A85 {
   "code": "KeyB",
   "key": "b",
   "modifiers": 0,
   "text": "b",
   "type": "char",
   "unmodifiedText": "b",
   "windowsVirtualKeyCode": 66
}
[1595213707.421][DEBUG]: DevTools WebSocket Command: Input.dispatchKeyEvent (id=46) 70278E4E4E66D38F645B149C55939A85 {
   "code": "KeyB",
   "key": "b",
   "modifiers": 0,
   "text": "b",
   "type": "keyUp",
   "unmodifiedText": "b",
   "windowsVirtualKeyCode": 66
}
[1595213707.421][DEBUG]: DevTools WebSocket Command: Input.dispatchKeyEvent (id=47) 70278E4E4E66D38F645B149C55939A85 {
   "code": "KeyA",
   "key": "a",
   "modifiers": 0,
   "text": "a",
   "type": "rawKeyDown",
   "unmodifiedText": "a",
   "windowsVirtualKeyCode": 65
}
[1595213707.421][DEBUG]: DevTools WebSocket Command: Input.dispatchKeyEvent (id=48) 70278E4E4E66D38F645B149C55939A85 {
   "code": "KeyA",
   "key": "a",
   "modifiers": 0,
   "text": "a",
   "type": "char",
   "unmodifiedText": "a",
   "windowsVirtualKeyCode": 65
}
[1595213707.421][DEBUG]: DevTools WebSocket Command: Input.dispatchKeyEvent (id=49) 70278E4E4E66D38F645B149C55939A85 {
   "code": "KeyA",
   "key": "a",
   "modifiers": 0,
   "text": "a",
   "type": "keyUp",
   "unmodifiedText": "a",
   "windowsVirtualKeyCode": 65
}
[1595213707.421][DEBUG]: DevTools WebSocket Command: Input.dispatchKeyEvent (id=50) 70278E4E4E66D38F645B149C55939A85 {
   "code": "ShiftLeft",
   "key": "Shift",
   "modifiers": 0,
   "text": "",
   "type": "rawKeyDown",
   "unmodifiedText": "",
   "windowsVirtualKeyCode": 16
}
[1595213707.421][DEBUG]: DevTools WebSocket Command: Input.dispatchKeyEvent (id=51) 70278E4E4E66D38F645B149C55939A85 {
   "code": "Digit1",
   "key": "!",
   "modifiers": 8,
   "text": "!",
   "type": "rawKeyDown",
   "unmodifiedText": "1",
   "windowsVirtualKeyCode": 49
}
[1595213707.421][DEBUG]: DevTools WebSocket Command: Input.dispatchKeyEvent (id=52) 70278E4E4E66D38F645B149C55939A85 {
   "code": "Digit1",
   "key": "!",
   "modifiers": 8,
   "text": "!",
   "type": "char",
   "unmodifiedText": "1",
   "windowsVirtualKeyCode": 49
}
[1595213707.421][DEBUG]: DevTools WebSocket Command: Input.dispatchKeyEvent (id=53) 70278E4E4E66D38F645B149C55939A85 {
   "code": "Digit1",
   "key": "!",
   "modifiers": 8,
   "text": "!",
   "type": "keyUp",
   "unmodifiedText": "1",
   "windowsVirtualKeyCode": 49
}
[1595213707.421][DEBUG]: DevTools WebSocket Command: Input.dispatchKeyEvent (id=54) 70278E4E4E66D38F645B149C55939A85 {
   "code": "ShiftLeft",
   "key": "Shift",
   "modifiers": 0,
   "text": "",
   "type": "keyUp",
   "unmodifiedText": "",
   "windowsVirtualKeyCode": 16
}
[1595213707.421][DEBUG]: DevTools WebSocket Command: Input.dispatchKeyEvent (id=55) 70278E4E4E66D38F645B149C55939A85 {
   "code": "Enter",
   "key": "Enter",
   "modifiers": 0,
   "text": "\r",
   "type": "rawKeyDown",
   "unmodifiedText": "\r",
   "windowsVirtualKeyCode": 13
}
[1595213707.421][DEBUG]: DevTools WebSocket Command: Input.dispatchKeyEvent (id=56) 70278E4E4E66D38F645B149C55939A85 {
   "code": "Enter",
   "key": "Enter",
   "modifiers": 0,
   "text": "\r",
   "type": "char",
   "unmodifiedText": "\r",
   "windowsVirtualKeyCode": 13
}
[1595213707.421][DEBUG]: DevTools WebSocket Command: Input.dispatchKeyEvent (id=57) 70278E4E4E66D38F645B149C55939A85 {
   "code": "Enter",
   "key": "Enter",
   "modifiers": 0,
   "text": "\r",
   "type": "keyUp",
   "unmodifiedText": "\r",
   "windowsVirtualKeyCode": 13
}
[1595213707.422][DEBUG]: DevTools WebSocket Response: Input.dispatchKeyEvent (id=36) 70278E4E4E66D38F645B149C55939A85 {

}
[1595213707.423][DEBUG]: DevTools WebSocket Response: Input.dispatchKeyEvent (id=37) 70278E4E4E66D38F645B149C55939A85 {

}
[1595213707.428][DEBUG]: DevTools WebSocket Response: Input.dispatchKeyEvent (id=38) 70278E4E4E66D38F645B149C55939A85 {

}
[1595213707.428][DEBUG]: DevTools WebSocket Response: Input.dispatchKeyEvent (id=39) 70278E4E4E66D38F645B149C55939A85 {

}
[1595213707.428][DEBUG]: DevTools WebSocket Response: Input.dispatchKeyEvent (id=40) 70278E4E4E66D38F645B149C55939A85 {

}
[1595213707.428][DEBUG]: DevTools WebSocket Response: Input.dispatchKeyEvent (id=41) 70278E4E4E66D38F645B149C55939A85 {

}
[1595213707.430][DEBUG]: DevTools WebSocket Response: Input.dispatchKeyEvent (id=42) 70278E4E4E66D38F645B149C55939A85 {

}
[1595213707.430][DEBUG]: DevTools WebSocket Response: Input.dispatchKeyEvent (id=43) 70278E4E4E66D38F645B149C55939A85 {

}
[1595213707.430][DEBUG]: DevTools WebSocket Response: Input.dispatchKeyEvent (id=44) 70278E4E4E66D38F645B149C55939A85 {

}
[1595213707.433][DEBUG]: DevTools WebSocket Response: Input.dispatchKeyEvent (id=45) 70278E4E4E66D38F645B149C55939A85 {

}
[1595213707.433][DEBUG]: DevTools WebSocket Response: Input.dispatchKeyEvent (id=46) 70278E4E4E66D38F645B149C55939A85 {

}
[1595213707.433][DEBUG]: DevTools WebSocket Response: Input.dispatchKeyEvent (id=47) 70278E4E4E66D38F645B149C55939A85 {

}
[1595213707.434][DEBUG]: DevTools WebSocket Response: Input.dispatchKeyEvent (id=48) 70278E4E4E66D38F645B149C55939A85 {

}
[1595213707.435][DEBUG]: DevTools WebSocket Response: Input.dispatchKeyEvent (id=49) 70278E4E4E66D38F645B149C55939A85 {

}
[1595213707.435][DEBUG]: DevTools WebSocket Response: Input.dispatchKeyEvent (id=50) 70278E4E4E66D38F645B149C55939A85 {

}
[1595213707.435][DEBUG]: DevTools WebSocket Response: Input.dispatchKeyEvent (id=51) 70278E4E4E66D38F645B149C55939A85 {

}
[1595213707.437][DEBUG]: DevTools WebSocket Response: Input.dispatchKeyEvent (id=52) 70278E4E4E66D38F645B149C55939A85 {

}
[1595213707.437][DEBUG]: DevTools WebSocket Response: Input.dispatchKeyEvent (id=53) 70278E4E4E66D38F645B149C55939A85 {

}
[1595213707.437][DEBUG]: DevTools WebSocket Response: Input.dispatchKeyEvent (id=54) 70278E4E4E66D38F645B149C55939A85 {

}
[1595213707.437][DEBUG]: DevTools WebSocket Response: Input.dispatchKeyEvent (id=55) 70278E4E4E66D38F645B149C55939A85 {

}
[1595213707.439][DEBUG]: DevTools WebSocket Response: Input.dispatchKeyEvent (id=56) 70278E4E4E66D38F645B149C55939A85 {

}
[1595213707.439][DEBUG]: DevTools WebSocket Response: Input.dispatchKeyEvent (id=57) 70278E4E4E66D38F645B149C55939A85 {

}
[1595213707.439][INFO]: Waiting for pending navigations...
[1595213707.439][DEBUG]: DevTools WebSocket Command: Runtime.evaluate (id=58) 70278E4E4E66D38F645B149C55939A85 {
   "expression": "1"
}
[1595213707.442][DEBUG]: DevTools WebSocket Event: Page.frameScheduledNavigation 70278E4E4E66D38F645B149C55939A85 {
   "delay": 0,
   "frameId": "70278E4E4E66D38F645B149C55939A85",
   "reason": "formSubmissionGet",
   "url": "https://www.google.com/search?source=hp&ei=igcVX6H6McKj5OUPvZ6v2AU&q=Cuba%21&oq=Cuba%21&gs_lcp=CgZwc3ktYWIQA1D0AliAA2CCA2gAcAB4AIABAIgBAJIBAJgBAKABAaoBB2d3cy13aXo&sclient=psy-ab&ved=0ahUKEwih59eS6t..."
}
[1595213707.442][DEBUG]: DevTools WebSocket Event: Page.frameRequestedNavigation 70278E4E4E66D38F645B149C55939A85 {
   "disposition": "currentTab",
   "frameId": "70278E4E4E66D38F645B149C55939A85",
   "reason": "formSubmissionGet",
   "url": "https://www.google.com/search?source=hp&ei=igcVX6H6McKj5OUPvZ6v2AU&q=Cuba%21&oq=Cuba%21&gs_lcp=CgZwc3ktYWIQA1D0AliAA2CCA2gAcAB4AIABAIgBAJIBAJgBAKABAaoBB2d3cy13aXo&sclient=psy-ab&ved=0ahUKEwih59eS6t..."
}
[1595213707.443][DEBUG]: DevTools WebSocket Event: Page.frameStartedLoading 70278E4E4E66D38F645B149C55939A85 {
   "frameId": "70278E4E4E66D38F645B149C55939A85"
}
[1595213707.445][DEBUG]: DevTools WebSocket Event: Page.frameClearedScheduledNavigation 70278E4E4E66D38F645B149C55939A85 {
   "frameId": "70278E4E4E66D38F645B149C55939A85"
}
[1595213707.445][DEBUG]: DevTools WebSocket Response: Runtime.evaluate (id=58) 70278E4E4E66D38F645B149C55939A85 {
   "result": {
      "description": "1",
      "type": "number",
      "value": 1
   }
}
[1595213707.522][DEBUG]: DevTools WebSocket Event: DOM.childNodeCountUpdated 70278E4E4E66D38F645B149C55939A85 {
   "childNodeCount": 11,
   "nodeId": 15
}
[1595213707.522][DEBUG]: DevTools WebSocket Event: DOM.childNodeCountUpdated 70278E4E4E66D38F645B149C55939A85 {
   "childNodeCount": 10,
   "nodeId": 15
}
[1595213707.522][DEBUG]: DevTools WebSocket Command: Runtime.evaluate (id=59) 70278E4E4E66D38F645B149C55939A85 {
   "expression": "1"
}
[1595213707.530][DEBUG]: DevTools WebSocket Event: DOM.childNodeCountUpdated 70278E4E4E66D38F645B149C55939A85 {
   "childNodeCount": 11,
   "nodeId": 15
}
[1595213707.530][DEBUG]: DevTools WebSocket Event: DOM.childNodeCountUpdated 70278E4E4E66D38F645B149C55939A85 {
   "childNodeCount": 10,
   "nodeId": 15
}
[1595213707.536][DEBUG]: DevTools WebSocket Event: DOM.childNodeCountUpdated 70278E4E4E66D38F645B149C55939A85 {
   "childNodeCount": 11,
   "nodeId": 15
}
[1595213707.536][DEBUG]: DevTools WebSocket Event: DOM.childNodeCountUpdated 70278E4E4E66D38F645B149C55939A85 {
   "childNodeCount": 10,
   "nodeId": 15
}
[1595213707.542][DEBUG]: DevTools WebSocket Event: DOM.childNodeCountUpdated 70278E4E4E66D38F645B149C55939A85 {
   "childNodeCount": 11,
   "nodeId": 15
}
[1595213707.542][DEBUG]: DevTools WebSocket Event: DOM.childNodeCountUpdated 70278E4E4E66D38F645B149C55939A85 {
   "childNodeCount": 10,
   "nodeId": 15
}
[1595213707.558][DEBUG]: DevTools WebSocket Event: Runtime.executionContextDestroyed 70278E4E4E66D38F645B149C55939A85 {
   "executionContextId": 1
}
[1595213707.558][DEBUG]: DevTools WebSocket Event: Runtime.executionContextsCleared 70278E4E4E66D38F645B149C55939A85 {

}
[1595213707.558][DEBUG]: DevTools WebSocket Event: Page.frameNavigated 70278E4E4E66D38F645B149C55939A85 {
   "frame": {
      "id": "70278E4E4E66D38F645B149C55939A85",
      "loaderId": "C07111C55F87D737ADE42784F7DB8B5A",
      "mimeType": "text/html",
      "securityOrigin": "https://www.google.com",
      "url": "https://www.google.com/search?source=hp&ei=igcVX6H6McKj5OUPvZ6v2AU&q=Cuba%21&oq=Cuba%21&gs_lcp=CgZwc3ktYWIQA1D0AliAA2CCA2gAcAB4AIABAIgBAJIBAJgBAKABAaoBB2d3cy13aXo&sclient=psy-ab&ved=0ahUKEwih59eS6t..."
   }
}
[1595213707.558][DEBUG]: DevTools WebSocket Event: Runtime.executionContextCreated 70278E4E4E66D38F645B149C55939A85 {
   "context": {
      "auxData": {
         "frameId": "70278E4E4E66D38F645B149C55939A85",
         "isDefault": true,
         "type": "default"
      },
      "id": 2,
      "name": "",
      "origin": "https://www.google.com"
   }
}
[1595213707.558][DEBUG]: DevTools WebSocket Event: DOM.documentUpdated 70278E4E4E66D38F645B149C55939A85 {

}
[1595213707.558][DEBUG]: DevTools WebSocket Command: DOM.getDocument (id=60) 70278E4E4E66D38F645B149C55939A85 {

}
[1595213707.558][DEBUG]: DevTools WebSocket Response: Runtime.evaluate (id=59) 70278E4E4E66D38F645B149C55939A85 {
   "result": {
      "description": "1",
      "type": "number",
      "value": 1
   }
}
[1595213707.567][DEBUG]: DevTools WebSocket Response: DOM.getDocument (id=60) 70278E4E4E66D38F645B149C55939A85 {
   "root": {
      "backendNodeId": 74,
      "baseURL": "https://www.google.com/search?source=hp&ei=igcVX6H6McKj5OUPvZ6v2AU&q=Cuba%21&oq=Cuba%21&gs_lcp=CgZwc3ktYWIQA1D0AliAA2CCA2gAcAB4AIABAIgBAJIBAJgBAKABAaoBB2d3cy13aXo&sclient=psy-ab&ved=0ahUKEwih59eS6t...",
      "childNodeCount": 2,
      "children": [ {
         "backendNodeId": 75,
         "localName": "",
         "nodeId": 17,
         "nodeName": "html",
         "nodeType": 10,
         "nodeValue": "",
         "parentId": 16,
         "publicId": "",
         "systemId": ""
      }, {
         "attributes": [ "itemscope", "", "itemtype", "http://schema.org/SearchResultsPage", "lang", "es-419" ],
         "backendNodeId": 76,
         "childNodeCount": 1,
         "children": [ {
            "attributes": [  ],
            "backendNodeId": 77,
            "childNodeCount": 10,
            "localName": "head",
            "nodeId": 19,
            "nodeName": "HEAD",
            "nodeType": 1,
            "nodeValue": "",
            "parentId": 18
         } ],
         "frameId": "70278E4E4E66D38F645B149C55939A85",
         "localName": "html",
         "nodeId": 18,
         "nodeName": "HTML",
         "nodeType": 1,
         "nodeValue": "",
         "parentId": 16
      } ],
      "documentURL": "https://www.google.com/search?source=hp&ei=igcVX6H6McKj5OUPvZ6v2AU&q=Cuba%21&oq=Cuba%21&gs_lcp=CgZwc3ktYWIQA1D0AliAA2CCA2gAcAB4AIABAIgBAJIBAJgBAKABAaoBB2d3cy13aXo&sclient=psy-ab&ved=0ahUKEwih59eS6t...",
      "localName": "",
      "nodeId": 16,
      "nodeName": "#document",
      "nodeType": 9,
      "nodeValue": "",
      "xmlVersion": ""
   }
}
[1595213707.567][DEBUG]: DevTools WebSocket Command: Runtime.evaluate (id=61) 70278E4E4E66D38F645B149C55939A85 {
   "expression": "1"
}
[1595213707.572][DEBUG]: DevTools WebSocket Event: DOM.childNodeCountUpdated 70278E4E4E66D38F645B149C55939A85 {
   "childNodeCount": 11,
   "nodeId": 19
}
[1595213707.572][DEBUG]: DevTools WebSocket Event: DOM.childNodeCountUpdated 70278E4E4E66D38F645B149C55939A85 {
   "childNodeCount": 12,
   "nodeId": 19
}
[1595213707.572][DEBUG]: DevTools WebSocket Event: DOM.childNodeInserted 70278E4E4E66D38F645B149C55939A85 {
   "node": {
      "attributes": [ "jsmodel", "jivSc TvHxbe", "class", "srp tbo vasq", "jscontroller", "aCZVp", "marginheight", "3", "topmargin", "3", "jsaction", "rcuQ6b:npT2md", "id", "gsr" ],
      "backendNodeId": 78,
      "childNodeCount": 0,
      "localName": "body",
      "nodeId": 20,
      "nodeName": "BODY",
      "nodeType": 1,
      "nodeValue": ""
   },
   "parentNodeId": 18,
   "previousNodeId": 19
}
[1595213707.572][DEBUG]: DevTools WebSocket Event: DOM.childNodeCountUpdated 70278E4E4E66D38F645B149C55939A85 {
   "childNodeCount": 1,
   "nodeId": 20
}
[1595213707.572][DEBUG]: DevTools WebSocket Event: DOM.childNodeCountUpdated 70278E4E4E66D38F645B149C55939A85 {
   "childNodeCount": 2,
   "nodeId": 20
}
[1595213707.572][DEBUG]: DevTools WebSocket Event: DOM.childNodeCountUpdated 70278E4E4E66D38F645B149C55939A85 {
   "childNodeCount": 3,
   "nodeId": 20
}
[1595213707.572][DEBUG]: DevTools WebSocket Event: DOM.childNodeCountUpdated 70278E4E4E66D38F645B149C55939A85 {
   "childNodeCount": 4,
   "nodeId": 20
}
[1595213707.572][DEBUG]: DevTools WebSocket Event: DOM.childNodeCountUpdated 70278E4E4E66D38F645B149C55939A85 {
   "childNodeCount": 5,
   "nodeId": 20
}
[1595213707.572][DEBUG]: DevTools WebSocket Event: DOM.childNodeCountUpdated 70278E4E4E66D38F645B149C55939A85 {
   "childNodeCount": 6,
   "nodeId": 20
}
[1595213707.572][DEBUG]: DevTools WebSocket Event: DOM.childNodeCountUpdated 70278E4E4E66D38F645B149C55939A85 {
   "childNodeCount": 7,
   "nodeId": 20
}
[1595213707.572][DEBUG]: DevTools WebSocket Event: DOM.childNodeCountUpdated 70278E4E4E66D38F645B149C55939A85 {
   "childNodeCount": 8,
   "nodeId": 20
}
[1595213707.572][DEBUG]: DevTools WebSocket Response: Runtime.evaluate (id=61) 70278E4E4E66D38F645B149C55939A85 {
   "result": {
      "description": "1",
      "type": "number",
      "value": 1
   }
}
[1595213707.651][DEBUG]: DevTools WebSocket Event: Page.frameResized 70278E4E4E66D38F645B149C55939A85 {

}
[1595213707.651][DEBUG]: DevTools WebSocket Command: Runtime.evaluate (id=62) 70278E4E4E66D38F645B149C55939A85 {
   "expression": "1"
}
[1595213707.652][DEBUG]: DevTools WebSocket Response: Runtime.evaluate (id=62) 70278E4E4E66D38F645B149C55939A85 {
   "result": {
      "description": "1",
      "type": "number",
      "value": 1
   }
}
[1595213708.153][DEBUG]: DevTools WebSocket Command: Runtime.evaluate (id=63) 70278E4E4E66D38F645B149C55939A85 {
   "expression": "1"
}
[1595213708.155][DEBUG]: DevTools WebSocket Response: Runtime.evaluate (id=63) 70278E4E4E66D38F645B149C55939A85 {
   "result": {
      "description": "1",
      "type": "number",
      "value": 1
   }
}
[1595213708.278][DEBUG]: DevTools WebSocket Event: Page.frameAttached 70278E4E4E66D38F645B149C55939A85 {
   "frameId": "9A140909F96FFBB24C7C9B2C39397691",
   "parentFrameId": "70278E4E4E66D38F645B149C55939A85"
}
[1595213708.278][DEBUG]: DevTools WebSocket Command: Runtime.evaluate (id=64) 70278E4E4E66D38F645B149C55939A85 {
   "expression": "1"
}
[1595213708.278][DEBUG]: DevTools WebSocket Event: Page.frameStartedLoading 70278E4E4E66D38F645B149C55939A85 {
   "frameId": "9A140909F96FFBB24C7C9B2C39397691"
}
[1595213708.283][DEBUG]: DevTools WebSocket Event: Page.frameNavigated 70278E4E4E66D38F645B149C55939A85 {
   "frame": {
      "id": "9A140909F96FFBB24C7C9B2C39397691",
      "loaderId": "DB65C27CF0CA714EA8007962A4437C62",
      "mimeType": "text/html",
      "name": "_iwcVX6HYH8mw5OUP9-GdyAI86",
      "parentId": "70278E4E4E66D38F645B149C55939A85",
      "securityOrigin": "://",
      "url": "about:blank"
   }
}
[1595213708.283][DEBUG]: DevTools WebSocket Event: Runtime.executionContextCreated 70278E4E4E66D38F645B149C55939A85 {
   "context": {
      "auxData": {
         "frameId": "9A140909F96FFBB24C7C9B2C39397691",
         "isDefault": true,
         "type": "default"
      },
      "id": 3,
      "name": "",
      "origin": "https://www.google.com"
   }
}
[1595213708.283][DEBUG]: DevTools WebSocket Event: Page.frameStoppedLoading 70278E4E4E66D38F645B149C55939A85 {
   "frameId": "9A140909F96FFBB24C7C9B2C39397691"
}
[1595213708.283][DEBUG]: DevTools WebSocket Event: Page.frameAttached 70278E4E4E66D38F645B149C55939A85 {
   "frameId": "C5BADF4B43D1E515E43272B37CAFBF9D",
   "parentFrameId": "70278E4E4E66D38F645B149C55939A85"
}
[1595213708.283][DEBUG]: DevTools WebSocket Event: Page.frameStartedLoading 70278E4E4E66D38F645B149C55939A85 {
   "frameId": "C5BADF4B43D1E515E43272B37CAFBF9D"
}
[1595213708.285][DEBUG]: DevTools WebSocket Event: Page.frameNavigated 70278E4E4E66D38F645B149C55939A85 {
   "frame": {
      "id": "C5BADF4B43D1E515E43272B37CAFBF9D",
      "loaderId": "1B07F7441129B8ED063DC5E521903C18",
      "mimeType": "text/html",
      "name": "_iwcVX6HYH8mw5OUP9-GdyAI90",
      "parentId": "70278E4E4E66D38F645B149C55939A85",
      "securityOrigin": "://",
      "url": "about:blank"
   }
}
[1595213708.285][DEBUG]: DevTools WebSocket Event: Runtime.executionContextCreated 70278E4E4E66D38F645B149C55939A85 {
   "context": {
      "auxData": {
         "frameId": "C5BADF4B43D1E515E43272B37CAFBF9D",
         "isDefault": true,
         "type": "default"
      },
      "id": 4,
      "name": "",
      "origin": "https://www.google.com"
   }
}
[1595213708.285][DEBUG]: DevTools WebSocket Event: Page.frameStoppedLoading 70278E4E4E66D38F645B149C55939A85 {
   "frameId": "C5BADF4B43D1E515E43272B37CAFBF9D"
}
[1595213708.295][DEBUG]: DevTools WebSocket Response: Runtime.evaluate (id=64) 70278E4E4E66D38F645B149C55939A85 {
   "result": {
      "description": "1",
      "type": "number",
      "value": 1
   }
}
[1595213708.314][DEBUG]: DevTools WebSocket Event: DOM.childNodeCountUpdated 70278E4E4E66D38F645B149C55939A85 {
   "childNodeCount": 9,
   "nodeId": 20
}
[1595213708.314][DEBUG]: DevTools WebSocket Event: DOM.childNodeCountUpdated 70278E4E4E66D38F645B149C55939A85 {
   "childNodeCount": 10,
   "nodeId": 20
}
[1595213708.314][DEBUG]: DevTools WebSocket Event: DOM.childNodeCountUpdated 70278E4E4E66D38F645B149C55939A85 {
   "childNodeCount": 11,
   "nodeId": 20
}
[1595213708.314][DEBUG]: DevTools WebSocket Event: DOM.childNodeCountUpdated 70278E4E4E66D38F645B149C55939A85 {
   "childNodeCount": 12,
   "nodeId": 20
}
[1595213708.314][DEBUG]: DevTools WebSocket Event: DOM.childNodeCountUpdated 70278E4E4E66D38F645B149C55939A85 {
   "childNodeCount": 13,
   "nodeId": 20
}
[1595213708.314][DEBUG]: DevTools WebSocket Event: DOM.childNodeCountUpdated 70278E4E4E66D38F645B149C55939A85 {
   "childNodeCount": 14,
   "nodeId": 20
}
[1595213708.314][DEBUG]: DevTools WebSocket Event: DOM.childNodeCountUpdated 70278E4E4E66D38F645B149C55939A85 {
   "childNodeCount": 13,
   "nodeId": 19
}
[1595213708.314][DEBUG]: DevTools WebSocket Event: DOM.childNodeCountUpdated 70278E4E4E66D38F645B149C55939A85 {
   "childNodeCount": 14,
   "nodeId": 19
}
[1595213708.314][DEBUG]: DevTools WebSocket Event: DOM.documentUpdated 70278E4E4E66D38F645B149C55939A85 {

}
[1595213708.314][DEBUG]: DevTools WebSocket Command: DOM.getDocument (id=65) 70278E4E4E66D38F645B149C55939A85 {

}
[1595213708.314][DEBUG]: DevTools WebSocket Event: Page.domContentEventFired 70278E4E4E66D38F645B149C55939A85 {
   "timestamp": 134529.981039
}
[1595213708.314][DEBUG]: DevTools WebSocket Command: Runtime.evaluate (id=66) 70278E4E4E66D38F645B149C55939A85 {
   "expression": "1"
}
[1595213708.314][DEBUG]: DevTools WebSocket Response: DOM.getDocument (id=65) 70278E4E4E66D38F645B149C55939A85 {
   "root": {
      "backendNodeId": 74,
      "baseURL": "https://www.google.com/search?source=hp&ei=igcVX6H6McKj5OUPvZ6v2AU&q=Cuba%21&oq=Cuba%21&gs_lcp=CgZwc3ktYWIQA1D0AliAA2CCA2gAcAB4AIABAIgBAJIBAJgBAKABAaoBB2d3cy13aXo&sclient=psy-ab&ved=0ahUKEwih59eS6t...",
      "childNodeCount": 2,
      "children": [ {
         "backendNodeId": 75,
         "localName": "",
         "nodeId": 22,
         "nodeName": "html",
         "nodeType": 10,
         "nodeValue": "",
         "parentId": 21,
         "publicId": "",
         "systemId": ""
      }, {
         "attributes": [ "itemscope", "", "itemtype", "http://schema.org/SearchResultsPage", "lang", "es-419" ],
         "backendNodeId": 76,
         "childNodeCount": 2,
         "children": [ {
            "attributes": [  ],
            "backendNodeId": 77,
            "childNodeCount": 14,
            "localName": "head",
            "nodeId": 24,
            "nodeName": "HEAD",
            "nodeType": 1,
            "nodeValue": "",
            "parentId": 23
         }, {
            "attributes": [ "jsmodel", "jivSc TvHxbe", "class", "srp tbo vasq", "jscontroller", "aCZVp", "marginheight", "3", "topmargin", "3", "jsaction", "rcuQ6b:npT2md", "id", "gsr" ],
            "backendNodeId": 78,
            "childNodeCount": 15,
            "localName": "body",
            "nodeId": 25,
            "nodeName": "BODY",
            "nodeType": 1,
            "nodeValue": "",
            "parentId": 23
         } ],
         "frameId": "70278E4E4E66D38F645B149C55939A85",
         "localName": "html",
         "nodeId": 23,
         "nodeName": "HTML",
         "nodeType": 1,
         "nodeValue": "",
         "parentId": 21
      } ],
      "documentURL": "https://www.google.com/search?source=hp&ei=igcVX6H6McKj5OUPvZ6v2AU&q=Cuba%21&oq=Cuba%21&gs_lcp=CgZwc3ktYWIQA1D0AliAA2CCA2gAcAB4AIABAIgBAJIBAJgBAKABAaoBB2d3cy13aXo&sclient=psy-ab&ved=0ahUKEwih59eS6t...",
      "localName": "",
      "nodeId": 21,
      "nodeName": "#document",
      "nodeType": 9,
      "nodeValue": "",
      "xmlVersion": ""
   }
}
[1595213708.314][DEBUG]: DevTools WebSocket Response: Runtime.evaluate (id=66) 70278E4E4E66D38F645B149C55939A85 {
   "result": {
      "description": "1",
      "type": "number",
      "value": 1
   }
}
[1595213708.358][DEBUG]: DevTools WebSocket Event: DOM.childNodeCountUpdated 70278E4E4E66D38F645B149C55939A85 {
   "childNodeCount": 15,
   "nodeId": 24
}
[1595213708.358][DEBUG]: DevTools WebSocket Event: DOM.childNodeCountUpdated 70278E4E4E66D38F645B149C55939A85 {
   "childNodeCount": 16,
   "nodeId": 24
}
[1595213708.358][DEBUG]: DevTools WebSocket Event: DOM.childNodeCountUpdated 70278E4E4E66D38F645B149C55939A85 {
   "childNodeCount": 16,
   "nodeId": 25
}
[1595213708.358][DEBUG]: DevTools WebSocket Event: DOM.childNodeCountUpdated 70278E4E4E66D38F645B149C55939A85 {
   "childNodeCount": 15,
   "nodeId": 25
}
[1595213708.358][DEBUG]: DevTools WebSocket Event: DOM.childNodeCountUpdated 70278E4E4E66D38F645B149C55939A85 {
   "childNodeCount": 16,
   "nodeId": 25
}
[1595213708.358][DEBUG]: DevTools WebSocket Command: Runtime.evaluate (id=67) 70278E4E4E66D38F645B149C55939A85 {
   "expression": "1"
}
[1595213708.366][DEBUG]: DevTools WebSocket Response: Runtime.evaluate (id=67) 70278E4E4E66D38F645B149C55939A85 {
   "result": {
      "description": "1",
      "type": "number",
      "value": 1
   }
}
[1595213708.397][DEBUG]: DevTools WebSocket Event: Page.navigatedWithinDocument 70278E4E4E66D38F645B149C55939A85 {
   "frameId": "70278E4E4E66D38F645B149C55939A85",
   "url": "https://www.google.com/search?source=hp&ei=igcVX6H6McKj5OUPvZ6v2AU&q=Cuba%21&oq=Cuba%21&gs_lcp=CgZwc3ktYWIQA1D0AliAA2CCA2gAcAB4AIABAIgBAJIBAJgBAKABAaoBB2d3cy13aXo&sclient=psy-ab&ved=0ahUKEwih59eS6t..."
}
[1595213708.397][DEBUG]: DevTools WebSocket Command: Runtime.evaluate (id=68) 70278E4E4E66D38F645B149C55939A85 {
   "expression": "1"
}
[1595213708.402][DEBUG]: DevTools WebSocket Event: Page.loadEventFired 70278E4E4E66D38F645B149C55939A85 {
   "timestamp": 134530.068624
}
[1595213708.402][DEBUG]: DevTools WebSocket Event: Page.frameStoppedLoading 70278E4E4E66D38F645B149C55939A85 {
   "frameId": "70278E4E4E66D38F645B149C55939A85"
}
[1595213708.423][DEBUG]: DevTools WebSocket Event: DOM.childNodeCountUpdated 70278E4E4E66D38F645B149C55939A85 {
   "childNodeCount": 17,
   "nodeId": 25
}
[1595213708.423][DEBUG]: DevTools WebSocket Response: Runtime.evaluate (id=68) 70278E4E4E66D38F645B149C55939A85 {
   "result": {
      "description": "1",
      "type": "number",
      "value": 1
   }
}
[1595213708.423][INFO]: Done waiting for pending navigations. Status: ok
[1595213708.423][INFO]: [c217faf0b5b6d64e24b26c5f171fb210] RESPONSE TypeElement
[1595213708.430][INFO]: [c217faf0b5b6d64e24b26c5f171fb210] COMMAND ExecuteScript {
   "args": [ {
      "element-6066-11e4-a52e-4f735466cecf": "3a10be2c-8187-48c7-8a80-a04f0259dfcc"
   } ],
   "script": "var form = arguments[0];\nwhile (form.nodeName != \"FORM\" && form.parentNode) {\n  form = form.parentNode;\n}\nif (!form) { throw Error('Unable to find containing form element'); }\nif (!form.ownerDocume..."
}
[1595213708.430][INFO]: Waiting for pending navigations...
[1595213708.430][DEBUG]: DevTools WebSocket Command: Runtime.evaluate (id=69) 70278E4E4E66D38F645B149C55939A85 {
   "expression": "1"
}
[1595213708.438][DEBUG]: DevTools WebSocket Response: Runtime.evaluate (id=69) 70278E4E4E66D38F645B149C55939A85 {
   "result": {
      "description": "1",
      "type": "number",
      "value": 1
   }
}
[1595213708.438][INFO]: Done waiting for pending navigations. Status: ok
[1595213708.438][DEBUG]: DevTools WebSocket Command: Runtime.evaluate (id=70) 70278E4E4E66D38F645B149C55939A85 {
   "awaitPromise": true,
   "expression": "(function() { // Copyright (c) 2012 The Chromium Authors. All rights reserved.\n// Use of this source code is governed by a BSD-style license that can be\n// found in the LICENSE file.\n\n/**\n * Enum f...",
   "returnByValue": true
}
[1595213708.440][DEBUG]: DevTools WebSocket Response: Runtime.evaluate (id=70) 70278E4E4E66D38F645B149C55939A85 {
   "result": {
      "type": "object",
      "value": {
         "status": 10,
         "value": "element is not attached to the page document"
      }
   }
}
[1595213708.440][DEBUG]: DevTools WebSocket Command: Runtime.evaluate (id=71) 70278E4E4E66D38F645B149C55939A85 {
   "expression": "1"
}
[1595213708.440][DEBUG]: DevTools WebSocket Response: Runtime.evaluate (id=71) 70278E4E4E66D38F645B149C55939A85 {
   "result": {
      "description": "1",
      "type": "number",
      "value": 1
   }
}
[1595213708.440][INFO]: Waiting for pending navigations...
[1595213708.440][DEBUG]: DevTools WebSocket Command: Runtime.evaluate (id=72) 70278E4E4E66D38F645B149C55939A85 {
   "expression": "1"
}
[1595213708.440][DEBUG]: DevTools WebSocket Response: Runtime.evaluate (id=72) 70278E4E4E66D38F645B149C55939A85 {
   "result": {
      "description": "1",
      "type": "number",
      "value": 1
   }
}
[1595213708.440][INFO]: Done waiting for pending navigations. Status: ok
[1595213708.440][INFO]: [c217faf0b5b6d64e24b26c5f171fb210] RESPONSE ExecuteScript ERROR stale element reference: element is not attached to the page document
  (Session info: chrome=84.0.4147.89)
[89638:89822:0719/235508.613877:ERROR:object_proxy.cc(622)] Failed to call method: org.freedesktop.NetworkManager.GetDevices: object_path= /org/freedesktop/NetworkManager: org.freedesktop.DBus.Error.AccessDenied: An AppArmor policy prevents this sender from sending this message to this recipient; type="method_call", sender=":1.320" (uid=1000 pid=89638 comm="/snap/chromium/1229/usr/lib/chromium-browser/chrom" label="snap.chromium.chromedriver (enforce)") interface="org.freedesktop.NetworkManager" member="GetDevices" error name="(unset)" requested_reply="0" destination="org.freedesktop.NetworkManager" (uid=0 pid=923 comm="/usr/sbin/NetworkManager --no-daemon " label="unconfined")
